16:40:17.911 [main                     ] DEBUG Logger               - Configured Logger
16:40:17.932 [main                     ] DEBUG GameApplication      - Logging settings
Title: Basic Game App
Version: 0.1
Width: 600
Height: 600
Fullscreen: false
Intro: false
Profiling: false
Single step:false
App Mode: DEVELOPER
Menu Key: ESCAPE
Stage Style: DECORATED
Scene Factory: class com.almasb.fxgl.app.scene.SceneFactory

16:40:18.285 [JavaFX Application Thread] DEBUG FXGLApplication      - Initializing FXGL
16:40:18.287 [JavaFX Application Thread] INFO  Engine               - FXGL-11.16 (25.05.2021 08.16) on WINDOWS (J:11 FX:16)
16:40:18.287 [JavaFX Application Thread] DEBUG Engine               - JRE Vendor Name: Oracle Corporation
16:40:18.287 [JavaFX Application Thread] DEBUG Engine               - Running on OS: Windows 10 version 10.0
16:40:18.287 [JavaFX Application Thread] DEBUG Engine               - Architecture: amd64
16:40:18.287 [JavaFX Application Thread] INFO  Engine               - Source code and latest versions at: https://github.com/AlmasB/FXGL
16:40:18.287 [JavaFX Application Thread] INFO  Engine               -              Join the FXGL chat at: https://gitter.im/AlmasB/FXGL
16:40:18.375 [JavaFX Application Thread] DEBUG PrimaryStageWindow   - Creating a JavaFX scene
16:40:18.420 [JavaFX Application Thread] DEBUG PrimaryStageWindow   - Target settings size: 600.0 x 600.0
16:40:18.420 [JavaFX Application Thread] DEBUG PrimaryStageWindow   - Scaled scene size:    600.0 x 600.0
16:40:18.420 [JavaFX Application Thread] DEBUG PrimaryStageWindow   - Scaled ratio: (1.0, 1.0)
16:40:18.421 [JavaFX Application Thread] DEBUG PrimaryStageWindow   - Set initial scene to FXGLStartupScene
16:40:18.426 [JavaFX Application Thread] DEBUG PrimaryStageWindow   - Opening main window
16:40:18.536 [JavaFX Application Thread] DEBUG PrimaryStageWindow   - Window border size: (14.66668701171875, 37.33331298828125)
16:40:18.536 [JavaFX Application Thread] DEBUG PrimaryStageWindow   - Scaled size: 600.0 x 600.0
16:40:18.536 [JavaFX Application Thread] DEBUG PrimaryStageWindow   - Scaled ratio: (1.0, 1.0)
16:40:18.536 [JavaFX Application Thread] DEBUG PrimaryStageWindow   - Scene size: 600.0 x 600.0
16:40:18.537 [JavaFX Application Thread] DEBUG PrimaryStageWindow   - Stage size: 614.6666870117188 x 637.3333129882812
16:40:18.544 [FXGL Background Thread 1 ] DEBUG Engine               - Initializing environment variables
16:40:18.590 [FXGL Background Thread 1 ] DEBUG FXGLAssetLoaderServi - User app class for loading assets: class com.aki.BasicGameApp
16:40:18.590 [FXGL Background Thread 1 ] DEBUG GameApplicationServi - Applying CSS: fxgl_dark.css
16:40:18.591 [FXGL Background Thread 1 ] DEBUG FXGLAssetLoaderServi - Loading from file system: jar:file:/D:/repository/com/github/almasb/fxgl/11.16/fxgl-11.16.jar!/fxglassets/ui/css/fxgl_dark.css
16:40:18.639 [FXGL Background Thread 1 ] DEBUG GameApplicationServi - Initializing application scenes
16:40:18.711 [FXGL Background Thread 1 ] DEBUG GameWorld            - Game world initialized
16:40:18.760 [FXGL Background Thread 1 ] DEBUG PhysicsWorld         - Physics world initialized: appHeight=600, physics.ppm=50.0
16:40:18.760 [FXGL Background Thread 1 ] DEBUG PhysicsWorld         - Using strategy: BRUTE_FORCE
16:40:18.763 [FXGL Background Thread 1 ] DEBUG GameScene            - Game scene initialized: 600x600
16:40:18.774 [FXGL Background Thread 1 ] WARN  FXGL.DefaultMenu     - FXGLDefaultMenu is not designed for resolutions < 800x600
16:40:18.774 [FXGL Background Thread 1 ] DEBUG FXGL.DefaultMenu     - createMenuBodyGameMenu()
16:40:18.789 [FXGL Background Thread 1 ] DEBUG FXGL.DefaultMenu     - createOptionsMenu()
16:40:18.798 [FXGL Background Thread 1 ] DEBUG FXGLAssetLoaderServi - Loading from file system: jar:file:/D:/repository/com/github/almasb/fxgl/11.16/fxgl-11.16.jar!/fxglassets/textures/particles/smoke.png
16:40:18.891 [FXGL Background Thread 1 ] DEBUG FXGLAssetLoaderServi - Loading from file system: jar:file:/D:/repository/com/github/almasb/fxgl/11.16/fxgl-11.16.jar!/fxglassets/textures/particles/trace_horizontal.png
16:40:18.914 [FXGL Background Thread 1 ] DEBUG GameApplicationServi - Application scenes initialized
16:40:18.922 [FXGL Background Thread 1 ] DEBUG SystemBundleService  - Loading FXGL system data
16:40:18.926 [FXGL Background Thread 1 ] DEBUG FileSystemAccess     - Reading from: E:\IDEAProject\FXGL\testFXGL\system\fxgl.bundle
16:40:18.929 [FXGL Background Thread 1 ] DEBUG SystemBundleService  - Bundle FXGL: {}
16:40:18.930 [FXGL Background Thread 1 ] DEBUG UpdaterService       - Checking for updates
16:40:18.933 [FXGL Background Thread 4 ] DEBUG FXGLApplication      - Loading fonts
16:40:18.933 [FXGL Background Thread 1 ] DEBUG FXGLApplication      - Loading default localization
16:40:18.934 [FXGL Background Thread 4 ] DEBUG FXGLAssetLoaderServi - Loading from file system: jar:file:/D:/repository/com/github/almasb/fxgl/11.16/fxgl-11.16.jar!/fxglassets/ui/fonts/VarelaRound-Regular.ttf
16:40:18.934 [FXGL Background Thread 1 ] DEBUG FXGLAssetLoaderServi - Loading from file system: jar:file:/D:/repository/com/github/almasb/fxgl/11.16/fxgl-11.16.jar!/fxglassets/languages/english.lang
16:40:18.950 [FXGL Background Thread 1 ] INFO  FXGLApplication      - FXGL initialization took: 0.406 sec
16:40:18.965 [JavaFX Application Thread] DEBUG Input                - Registered new binding: action0 - D
16:40:18.965 [JavaFX Application Thread] DEBUG Input                - Registered new binding: action1 - A
16:40:18.965 [JavaFX Application Thread] DEBUG Input                - Registered new binding: action2 - W
16:40:18.966 [JavaFX Application Thread] DEBUG Input                - Registered new binding: action3 - S
16:40:18.966 [JavaFX Application Thread] DEBUG FXGLAssetLoaderServi - Loading from file system: jar:file:/D:/repository/com/github/almasb/fxgl/11.16/fxgl-11.16.jar!/fxglassets/textures/fxgl_icon.png
16:40:18.991 [JavaFX Application Thread] DEBUG FXGLAssetLoaderServi - Loading from file system: jar:file:/D:/repository/com/github/almasb/fxgl/11.16/fxgl-11.16.jar!/fxglassets/textures/fxgl_default_cursor.png
16:40:18.993 [JavaFX Application Thread] DEBUG Input                - Registered new binding: Screenshot - CTRL+8
16:40:18.994 [JavaFX Application Thread] DEBUG Input                - Registered new binding: System info dump - CTRL+9
16:40:18.994 [JavaFX Application Thread] DEBUG Input                - Registered new binding: Restart - CTRL+R
16:40:18.995 [JavaFX Application Thread] DEBUG Input                - Registered new binding: Toggle Debug Camera - CTRL+C
16:40:18.997 [JavaFX Application Thread] DEBUG LoopRunner           - Starting loop
16:40:18.997 [JavaFX Application Thread] DEBUG LoopRunner           - Initializing JavaFX AnimationTimerLoop
16:40:18.998 [JavaFX Application Thread] DEBUG GameApplicationServi - Starting new game
16:40:18.998 [JavaFX Application Thread] DEBUG Input                - Clearing active input actions
16:40:19.011 [JavaFX Application Thread] DEBUG GameApplicationServi - Removing overlay from FXGLStartupScene and adding to FXGLLoadingScene
16:40:19.011 [JavaFX Application Thread] DEBUG PrimaryStageWindow   - FXGLStartupScene -> FXGLLoadingScene
16:40:19.011 [JavaFX Application Thread] DEBUG GameApplicationServi - Clearing previous game
16:40:19.011 [JavaFX Application Thread] DEBUG GameScene            - Clearing game scene
16:40:19.012 [JavaFX Application Thread] DEBUG GameWorld            - Clearing game world
16:40:19.012 [JavaFX Application Thread] DEBUG PhysicsWorld         - Clearing physics world
16:40:19.013 [FXGL Background Thread 1 ] DEBUG FXGLApplication      - Initializing game
16:40:19.019 [FXGL Background Thread 1 ] INFO  FXGLApplication      - Game initialization took: 0.006 sec
16:40:19.059 [JavaFX Application Thread] DEBUG Input                - Clearing active input actions
16:40:19.066 [JavaFX Application Thread] DEBUG GameApplicationServi - Removing overlay from FXGLLoadingScene and adding to GameScene
16:40:19.067 [JavaFX Application Thread] DEBUG PrimaryStageWindow   - FXGLLoadingScene -> GameScene
16:40:19.332 [FXGL Background Thread 4 ] DEBUG FXGLAssetLoaderServi - Loading from file system: jar:file:/D:/repository/com/github/almasb/fxgl/11.16/fxgl-11.16.jar!/fxglassets/ui/fonts/Abel-Regular.ttf
16:40:19.335 [FXGL Background Thread 4 ] DEBUG FXGLAssetLoaderServi - Loading from file system: jar:file:/D:/repository/com/github/almasb/fxgl/11.16/fxgl-11.16.jar!/fxglassets/ui/fonts/lucida_console.ttf
16:40:19.341 [FXGL Background Thread 4 ] DEBUG FXGLAssetLoaderServi - Loading from file system: jar:file:/D:/repository/com/github/almasb/fxgl/11.16/fxgl-11.16.jar!/fxglassets/ui/fonts/Courier-Prime.ttf
16:40:19.345 [JavaFX Application Thread] DEBUG FXGLApplication      - Registering font factories with UI factory
16:40:21.934 [FXGL Background Thread 3 ] DEBUG Engine               - Logging environment variables
16:40:21.934 [FXGL Background Thread 3 ] DEBUG Engine               - achievements: []
16:40:21.934 [FXGL Background Thread 3 ] DEBUG Engine               - actualHeight: 600.0
16:40:21.935 [FXGL Background Thread 3 ] DEBUG Engine               - actualHeightProperty: ReadOnlyDoubleProperty [value: 600.0]
16:40:21.935 [FXGL Background Thread 3 ] DEBUG Engine               - actualWidth: 600.0
16:40:21.935 [FXGL Background Thread 3 ] DEBUG Engine               - actualWidthProperty: ReadOnlyDoubleProperty [value: 600.0]
16:40:21.935 [FXGL Background Thread 3 ] DEBUG Engine               - appIcon: fxgl_icon.png
16:40:21.935 [FXGL Background Thread 3 ] DEBUG Engine               - applicationMode: DEVELOPER
16:40:21.935 [FXGL Background Thread 3 ] DEBUG Engine               - cSSList: [fxgl_dark.css]
16:40:21.935 [FXGL Background Thread 3 ] DEBUG Engine               - collisionDetectionStrategy: BRUTE_FORCE
16:40:21.935 [FXGL Background Thread 3 ] DEBUG Engine               - configClass: Optional.empty
16:40:21.935 [FXGL Background Thread 3 ] DEBUG Engine               - credits: []
16:40:21.935 [FXGL Background Thread 3 ] DEBUG Engine               - defaultCursor: CursorInfo(imageName=fxgl_default_cursor.png, hotspotX=7.0, hotspotY=6.0)
16:40:21.935 [FXGL Background Thread 3 ] DEBUG Engine               - devBBoxColorProperty: ObjectProperty [value: 0xff0000ff]
16:40:21.935 [FXGL Background Thread 3 ] DEBUG Engine               - devEnableDebugCameraProperty: BooleanProperty [value: false]
16:40:21.935 [FXGL Background Thread 3 ] DEBUG Engine               - devSensorColorProperty: ObjectProperty [value: 0xffff00ff]
16:40:21.935 [FXGL Background Thread 3 ] DEBUG Engine               - devShowBBoxProperty: BooleanProperty [value: false]
16:40:21.935 [FXGL Background Thread 3 ] DEBUG Engine               - devShowPositionProperty: BooleanProperty [value: false]
16:40:21.936 [FXGL Background Thread 3 ] DEBUG Engine               - enabledMenuItems: []
16:40:21.936 [FXGL Background Thread 3 ] DEBUG Engine               - engineServices: [class com.almasb.fxgl.app.services.FXGLAssetLoaderService, class com.almasb.fxgl.app.FXGLApplication$GameApplicationService, class com.almasb.fxgl.app.services.FXGLDialogService, class com.almasb.fxgl.app.services.IOTaskExecutorService, class com.almasb.fxgl.io.FileSystemService, class com.almasb.fxgl.localization.LocalizationService, class com.almasb.fxgl.app.services.SystemBundleService, class com.almasb.fxgl.profile.SaveLoadService, class com.almasb.fxgl.ui.FXGLUIFactoryServiceProvider, class com.almasb.fxgl.ui.FXGLDialogFactoryServiceProvider, class com.almasb.fxgl.audio.AudioPlayer, class com.almasb.fxgl.notification.impl.NotificationServiceProvider, class com.almasb.fxgl.achievement.AchievementService, class com.almasb.fxgl.cutscene.CutsceneService, class com.almasb.fxgl.minigames.MiniGameService, class com.almasb.fxgl.net.NetService, class com.almasb.fxgl.app.services.UpdaterService, class com.almasb.fxgl.dev.DevService]
16:40:21.936 [FXGL Background Thread 3 ] DEBUG Engine               - fontGame: Abel-Regular.ttf
16:40:21.936 [FXGL Background Thread 3 ] DEBUG Engine               - fontMono: lucida_console.ttf
16:40:21.936 [FXGL Background Thread 3 ] DEBUG Engine               - fontText: Courier-Prime.ttf
16:40:21.936 [FXGL Background Thread 3 ] DEBUG Engine               - fontUI: VarelaRound-Regular.ttf
16:40:21.936 [FXGL Background Thread 3 ] DEBUG Engine               - fullScreen: BooleanProperty [value: false]
16:40:21.936 [FXGL Background Thread 3 ] DEBUG Engine               - gameDifficulty: MEDIUM
16:40:21.936 [FXGL Background Thread 3 ] DEBUG Engine               - gameDifficultyProperty: ObjectProperty [value: MEDIUM]
16:40:21.936 [FXGL Background Thread 3 ] DEBUG Engine               - globalMusicVolume: 0.5
16:40:21.936 [FXGL Background Thread 3 ] DEBUG Engine               - globalMusicVolumeProperty: DoubleProperty [value: 0.5]
16:40:21.936 [FXGL Background Thread 3 ] DEBUG Engine               - globalSoundVolume: 0.5
16:40:21.936 [FXGL Background Thread 3 ] DEBUG Engine               - globalSoundVolumeProperty: DoubleProperty [value: 0.5]
16:40:21.936 [FXGL Background Thread 3 ] DEBUG Engine               - height: 600
16:40:21.937 [FXGL Background Thread 3 ] DEBUG Engine               - is3D: false
16:40:21.937 [FXGL Background Thread 3 ] DEBUG Engine               - isAndroid: false
16:40:21.937 [FXGL Background Thread 3 ] DEBUG Engine               - isBrowser: false
16:40:21.937 [FXGL Background Thread 3 ] DEBUG Engine               - isClickFeedbackEnabled: false
16:40:21.937 [FXGL Background Thread 3 ] DEBUG Engine               - isCloseConfirmation: false
16:40:21.937 [FXGL Background Thread 3 ] DEBUG Engine               - isDesktop: true
16:40:21.937 [FXGL Background Thread 3 ] DEBUG Engine               - isDeveloperMenuEnabled: false
16:40:21.937 [FXGL Background Thread 3 ] DEBUG Engine               - isEntityPreloadEnabled: true
16:40:21.937 [FXGL Background Thread 3 ] DEBUG Engine               - isExperimentalTiledLargeMap: false
16:40:21.937 [FXGL Background Thread 3 ] DEBUG Engine               - isFileSystemWriteAllowed: true
16:40:21.937 [FXGL Background Thread 3 ] DEBUG Engine               - isFullScreenAllowed: false
16:40:21.937 [FXGL Background Thread 3 ] DEBUG Engine               - isFullScreenFromStart: false
16:40:21.937 [FXGL Background Thread 3 ] DEBUG Engine               - isGameMenuEnabled: true
16:40:21.937 [FXGL Background Thread 3 ] DEBUG Engine               - isIOS: false
16:40:21.937 [FXGL Background Thread 3 ] DEBUG Engine               - isIntroEnabled: false
16:40:21.937 [FXGL Background Thread 3 ] DEBUG Engine               - isLinux: false
16:40:21.937 [FXGL Background Thread 3 ] DEBUG Engine               - isMac: false
16:40:21.938 [FXGL Background Thread 3 ] DEBUG Engine               - isMainMenuEnabled: false
16:40:21.938 [FXGL Background Thread 3 ] DEBUG Engine               - isManualResizeEnabled: false
16:40:21.938 [FXGL Background Thread 3 ] DEBUG Engine               - isMobile: false
16:40:21.938 [FXGL Background Thread 3 ] DEBUG Engine               - isNative: false
16:40:21.938 [FXGL Background Thread 3 ] DEBUG Engine               - isPreserveResizeRatio: false
16:40:21.938 [FXGL Background Thread 3 ] DEBUG Engine               - isProfilingEnabled: false
16:40:21.938 [FXGL Background Thread 3 ] DEBUG Engine               - isScaleAffectedOnResize: true
16:40:21.938 [FXGL Background Thread 3 ] DEBUG Engine               - isSingleStep: false
16:40:21.938 [FXGL Background Thread 3 ] DEBUG Engine               - isUserProfileEnabled: false
16:40:21.938 [FXGL Background Thread 3 ] DEBUG Engine               - isWindows: true
16:40:21.938 [FXGL Background Thread 3 ] DEBUG Engine               - language: ObjectProperty [value: ENGLISH]
16:40:21.938 [FXGL Background Thread 3 ] DEBUG Engine               - menuKey: ESCAPE
16:40:21.938 [FXGL Background Thread 3 ] DEBUG Engine               - mouseSensitivity: 0.2
16:40:21.938 [FXGL Background Thread 3 ] DEBUG Engine               - notificationViewClass: class com.almasb.fxgl.notification.view.XboxNotificationView
16:40:21.938 [FXGL Background Thread 3 ] DEBUG Engine               - pixelsPerMeter: 50.0
16:40:21.938 [FXGL Background Thread 3 ] DEBUG Engine               - platform: WINDOWS
16:40:21.938 [FXGL Background Thread 3 ] DEBUG Engine               - prefHeightProperty: ReadOnlyDoubleProperty [value: 600.0]
16:40:21.939 [FXGL Background Thread 3 ] DEBUG Engine               - prefWidthProperty: ReadOnlyDoubleProperty [value: 600.0]
16:40:21.939 [FXGL Background Thread 3 ] DEBUG Engine               - profileDir: profiles/
16:40:21.939 [FXGL Background Thread 3 ] DEBUG Engine               - profileName: StringProperty [value: DEFAULT]
16:40:21.939 [FXGL Background Thread 3 ] DEBUG Engine               - randomSeed: -1
16:40:21.939 [FXGL Background Thread 3 ] DEBUG Engine               - runtimeInfo: RuntimeInfo(platform=WINDOWS, version=11.16, build=25.05.2021 08.16)
16:40:21.939 [FXGL Background Thread 3 ] DEBUG Engine               - saveFileExt: sav
16:40:21.939 [FXGL Background Thread 3 ] DEBUG Engine               - scaledHeightProp$fxgl: DoubleProperty [bound, value: 600.0]
16:40:21.939 [FXGL Background Thread 3 ] DEBUG Engine               - scaledWidthProp$fxgl: DoubleProperty [bound, value: 600.0]
16:40:21.939 [FXGL Background Thread 3 ] DEBUG Engine               - sceneFactory: com.almasb.fxgl.app.scene.SceneFactory@7f2b782e
16:40:21.939 [FXGL Background Thread 3 ] DEBUG Engine               - secondsIn24h: 60
16:40:21.939 [FXGL Background Thread 3 ] DEBUG Engine               - soundMenuBack: menu/back.wav
16:40:21.939 [FXGL Background Thread 3 ] DEBUG Engine               - soundMenuPress: menu/press.wav
16:40:21.939 [FXGL Background Thread 3 ] DEBUG Engine               - soundMenuSelect: menu/select.wav
16:40:21.939 [FXGL Background Thread 3 ] DEBUG Engine               - soundNotification: core/notification.wav
16:40:21.939 [FXGL Background Thread 3 ] DEBUG Engine               - stageStyle: DECORATED
16:40:21.939 [FXGL Background Thread 3 ] DEBUG Engine               - supportedLanguages: [ENGLISH, FRENCH, GERMAN, HUNGARIAN, RUSSIAN]
16:40:21.939 [FXGL Background Thread 3 ] DEBUG Engine               - ticksPerSecond: -1
16:40:21.939 [FXGL Background Thread 3 ] DEBUG Engine               - title: Basic Game App
16:40:21.939 [FXGL Background Thread 3 ] DEBUG Engine               - urlGithub: https://github.com/AlmasB/FXGL
16:40:21.940 [FXGL Background Thread 3 ] DEBUG Engine               - urlLeaderboard: http://fxgl-top.herokuapp.com/
16:40:21.940 [FXGL Background Thread 3 ] DEBUG Engine               - urlPOM: https://raw.githubusercontent.com/AlmasB/FXGL/release/README.md
16:40:21.940 [FXGL Background Thread 3 ] DEBUG Engine               - userAppClass: class com.aki.BasicGameApp
16:40:21.940 [FXGL Background Thread 3 ] DEBUG Engine               - version: 0.1
16:40:21.940 [FXGL Background Thread 3 ] DEBUG Engine               - versionCheckDays: 7
16:40:21.940 [FXGL Background Thread 3 ] DEBUG Engine               - width: 600
16:40:21.940 [FXGL Background Thread 3 ] DEBUG Engine               - Logging services
16:40:21.940 [FXGL Background Thread 3 ] DEBUG Engine               - class com.almasb.fxgl.app.services.FXGLAssetLoaderService
16:40:21.940 [FXGL Background Thread 3 ] DEBUG Engine               - class com.almasb.fxgl.app.FXGLApplication$GameApplicationService
16:40:21.940 [FXGL Background Thread 3 ] DEBUG Engine               - class com.almasb.fxgl.app.services.FXGLDialogService
16:40:21.940 [FXGL Background Thread 3 ] DEBUG Engine               - class com.almasb.fxgl.app.services.IOTaskExecutorService
16:40:21.940 [FXGL Background Thread 3 ] DEBUG Engine               - class com.almasb.fxgl.io.FileSystemService
16:40:21.940 [FXGL Background Thread 3 ] DEBUG Engine               - class com.almasb.fxgl.localization.LocalizationService
16:40:21.940 [FXGL Background Thread 3 ] DEBUG Engine               - class com.almasb.fxgl.app.services.SystemBundleService
16:40:21.940 [FXGL Background Thread 3 ] DEBUG Engine               - class com.almasb.fxgl.profile.SaveLoadService
16:40:21.940 [FXGL Background Thread 3 ] DEBUG Engine               - class com.almasb.fxgl.ui.FXGLUIFactoryServiceProvider
16:40:21.940 [FXGL Background Thread 3 ] DEBUG Engine               - class com.almasb.fxgl.ui.FXGLDialogFactoryServiceProvider
16:40:21.940 [FXGL Background Thread 3 ] DEBUG Engine               - class com.almasb.fxgl.audio.AudioPlayer
16:40:21.940 [FXGL Background Thread 3 ] DEBUG Engine               - class com.almasb.fxgl.notification.impl.NotificationServiceProvider
16:40:21.940 [FXGL Background Thread 3 ] DEBUG Engine               - class com.almasb.fxgl.achievement.AchievementService
16:40:21.940 [FXGL Background Thread 3 ] DEBUG Engine               - class com.almasb.fxgl.cutscene.CutsceneService
16:40:21.940 [FXGL Background Thread 3 ] DEBUG Engine               - class com.almasb.fxgl.minigames.MiniGameService
16:40:21.941 [FXGL Background Thread 3 ] DEBUG Engine               - class com.almasb.fxgl.net.NetService
16:40:21.941 [FXGL Background Thread 3 ] DEBUG Engine               - class com.almasb.fxgl.app.services.UpdaterService
16:40:21.941 [FXGL Background Thread 3 ] DEBUG Engine               - class com.almasb.fxgl.dev.DevService
16:40:25.676 [JavaFX Application Thread] DEBUG FXGLApplication      - Exiting FXGL
16:40:25.676 [JavaFX Application Thread] DEBUG LoopRunner           - Stopping loop
16:40:25.676 [JavaFX Application Thread] DEBUG SystemBundleService  - Saving FXGL system data
16:40:25.677 [JavaFX Application Thread] DEBUG FileSystemAccess     - Writing to: E:\IDEAProject\FXGL\testFXGL\system\fxgl.bundle
16:40:25.679 [JavaFX Application Thread] DEBUG Async                - Shutting down background threads
16:40:25.679 [JavaFX Application Thread] DEBUG PrimaryStageWindow   - Closing main window
16:40:25.693 [JavaFX Application Thread] DEBUG Logger               - Closing Logger
