16:19:31.123 [main                     ] DEBUG Logger               - Configured Logger
16:19:31.142 [main                     ] DEBUG GameApplication      - Logging settings
Title: Basic Game App
Version: 0.0
Width: 800
Height: 600
Fullscreen: false
Intro: false
Profiling: false
Single step:false
App Mode: DEVELOPER
Menu Key: ESCAPE
Stage Style: DECORATED
Scene Factory: class com.almasb.fxgl.app.scene.SceneFactory

16:19:31.444 [JavaFX Application Thread] DEBUG FXGLApplication      - Initializing FXGL
16:19:31.445 [JavaFX Application Thread] INFO  Engine               - FXGL-11.16 (25.05.2021 08.16) on WINDOWS (J:11 FX:16)
16:19:31.446 [JavaFX Application Thread] DEBUG Engine               - JRE Vendor Name: Oracle Corporation
16:19:31.446 [JavaFX Application Thread] DEBUG Engine               - Running on OS: Windows 10 version 10.0
16:19:31.446 [JavaFX Application Thread] DEBUG Engine               - Architecture: amd64
16:19:31.446 [JavaFX Application Thread] INFO  Engine               - Source code and latest versions at: https://github.com/AlmasB/FXGL
16:19:31.446 [JavaFX Application Thread] INFO  Engine               -              Join the FXGL chat at: https://gitter.im/AlmasB/FXGL
16:19:31.536 [JavaFX Application Thread] DEBUG PrimaryStageWindow   - Creating a JavaFX scene
16:19:31.584 [JavaFX Application Thread] DEBUG PrimaryStageWindow   - Target settings size: 800.0 x 600.0
16:19:31.584 [JavaFX Application Thread] DEBUG PrimaryStageWindow   - Scaled scene size:    800.0 x 600.0
16:19:31.585 [JavaFX Application Thread] DEBUG PrimaryStageWindow   - Scaled ratio: (1.0, 1.0)
16:19:31.585 [JavaFX Application Thread] DEBUG PrimaryStageWindow   - Set initial scene to FXGLStartupScene
16:19:31.591 [JavaFX Application Thread] DEBUG PrimaryStageWindow   - Opening main window
16:19:31.688 [JavaFX Application Thread] DEBUG PrimaryStageWindow   - Window border size: (14.66668701171875, 37.33331298828125)
16:19:31.688 [JavaFX Application Thread] DEBUG PrimaryStageWindow   - Scaled size: 800.0 x 600.0
16:19:31.688 [JavaFX Application Thread] DEBUG PrimaryStageWindow   - Scaled ratio: (1.0, 1.0)
16:19:31.688 [JavaFX Application Thread] DEBUG PrimaryStageWindow   - Scene size: 800.0 x 600.0
16:19:31.688 [JavaFX Application Thread] DEBUG PrimaryStageWindow   - Stage size: 814.6666870117188 x 637.3333129882812
16:19:31.694 [FXGL Background Thread 1 ] DEBUG Engine               - Initializing environment variables
16:19:31.720 [FXGL Background Thread 1 ] DEBUG FXGLAssetLoaderServi - User app class for loading assets: class com.aki.BasicGameApp
16:19:31.720 [FXGL Background Thread 1 ] DEBUG GameApplicationServi - Applying CSS: fxgl_dark.css
16:19:31.721 [FXGL Background Thread 1 ] DEBUG FXGLAssetLoaderServi - Loading from file system: jar:file:/E:/IDEAProject/FXGL/testFXGL/testFXGL-1.0-SNAPSHOT-jar-with-dependencies.jar!/fxglassets/ui/css/fxgl_dark.css
16:19:31.764 [FXGL Background Thread 1 ] DEBUG GameApplicationServi - Initializing application scenes
16:19:31.818 [FXGL Background Thread 1 ] DEBUG GameWorld            - Game world initialized
16:19:31.852 [FXGL Background Thread 1 ] DEBUG PhysicsWorld         - Physics world initialized: appHeight=600, physics.ppm=50.0
16:19:31.852 [FXGL Background Thread 1 ] DEBUG PhysicsWorld         - Using strategy: BRUTE_FORCE
16:19:31.853 [FXGL Background Thread 1 ] DEBUG GameScene            - Game scene initialized: 800x600
16:19:31.861 [FXGL Background Thread 1 ] DEBUG FXGL.DefaultMenu     - createMenuBodyGameMenu()
16:19:31.875 [FXGL Background Thread 1 ] DEBUG FXGL.DefaultMenu     - createOptionsMenu()
16:19:31.880 [FXGL Background Thread 1 ] DEBUG FXGLAssetLoaderServi - Loading from file system: jar:file:/E:/IDEAProject/FXGL/testFXGL/testFXGL-1.0-SNAPSHOT-jar-with-dependencies.jar!/fxglassets/textures/particles/smoke.png
16:19:31.944 [FXGL Background Thread 1 ] DEBUG FXGLAssetLoaderServi - Loading from file system: jar:file:/E:/IDEAProject/FXGL/testFXGL/testFXGL-1.0-SNAPSHOT-jar-with-dependencies.jar!/fxglassets/textures/particles/trace_horizontal.png
16:19:31.964 [FXGL Background Thread 1 ] DEBUG GameApplicationServi - Application scenes initialized
16:19:31.971 [FXGL Background Thread 1 ] DEBUG SystemBundleService  - Loading FXGL system data
16:19:31.974 [FXGL Background Thread 1 ] DEBUG FileSystemAccess     - Reading from: E:\IDEAProject\FXGL\testFXGL\system\fxgl.bundle
16:19:31.977 [FXGL Background Thread 1 ] DEBUG SystemBundleService  - Bundle FXGL: {}
16:19:31.977 [FXGL Background Thread 1 ] DEBUG UpdaterService       - Checking for updates
16:19:31.979 [FXGL Background Thread 4 ] DEBUG FXGLApplication      - Loading fonts
16:19:31.980 [FXGL Background Thread 4 ] DEBUG FXGLAssetLoaderServi - Loading from file system: jar:file:/E:/IDEAProject/FXGL/testFXGL/testFXGL-1.0-SNAPSHOT-jar-with-dependencies.jar!/fxglassets/ui/fonts/VarelaRound-Regular.ttf
16:19:31.980 [FXGL Background Thread 1 ] DEBUG FXGLApplication      - Loading default localization
16:19:31.980 [FXGL Background Thread 1 ] DEBUG FXGLAssetLoaderServi - Loading from file system: jar:file:/E:/IDEAProject/FXGL/testFXGL/testFXGL-1.0-SNAPSHOT-jar-with-dependencies.jar!/fxglassets/languages/english.lang
16:19:31.994 [FXGL Background Thread 1 ] INFO  FXGLApplication      - FXGL initialization took: 0.300 sec
16:19:31.995 [JavaFX Application Thread] DEBUG FXGLAssetLoaderServi - Loading from file system: jar:file:/E:/IDEAProject/FXGL/testFXGL/testFXGL-1.0-SNAPSHOT-jar-with-dependencies.jar!/fxglassets/textures/fxgl_icon.png
16:19:32.015 [JavaFX Application Thread] DEBUG FXGLAssetLoaderServi - Loading from file system: jar:file:/E:/IDEAProject/FXGL/testFXGL/testFXGL-1.0-SNAPSHOT-jar-with-dependencies.jar!/fxglassets/textures/fxgl_default_cursor.png
16:19:32.030 [JavaFX Application Thread] DEBUG Input                - Registered new binding: Screenshot - CTRL+8
16:19:32.031 [JavaFX Application Thread] DEBUG Input                - Registered new binding: System info dump - CTRL+9
16:19:32.031 [JavaFX Application Thread] DEBUG Input                - Registered new binding: Restart - CTRL+R
16:19:32.032 [JavaFX Application Thread] DEBUG Input                - Registered new binding: Toggle Debug Camera - CTRL+C
16:19:32.034 [JavaFX Application Thread] DEBUG LoopRunner           - Starting loop
16:19:32.034 [JavaFX Application Thread] DEBUG LoopRunner           - Initializing JavaFX AnimationTimerLoop
16:19:32.035 [JavaFX Application Thread] DEBUG GameApplicationServi - Starting new game
16:19:32.035 [JavaFX Application Thread] DEBUG Input                - Clearing active input actions
16:19:32.045 [JavaFX Application Thread] DEBUG GameApplicationServi - Removing overlay from FXGLStartupScene and adding to FXGLLoadingScene
16:19:32.046 [JavaFX Application Thread] DEBUG PrimaryStageWindow   - FXGLStartupScene -> FXGLLoadingScene
16:19:32.046 [JavaFX Application Thread] DEBUG GameApplicationServi - Clearing previous game
16:19:32.046 [JavaFX Application Thread] DEBUG GameScene            - Clearing game scene
16:19:32.046 [JavaFX Application Thread] DEBUG GameWorld            - Clearing game world
16:19:32.046 [JavaFX Application Thread] DEBUG PhysicsWorld         - Clearing physics world
16:19:32.047 [FXGL Background Thread 1 ] DEBUG FXGLApplication      - Initializing game
16:19:32.048 [FXGL Background Thread 1 ] INFO  FXGLApplication      - Game initialization took: 0.000 sec
16:19:32.072 [JavaFX Application Thread] DEBUG Input                - Clearing active input actions
16:19:32.080 [JavaFX Application Thread] DEBUG GameApplicationServi - Removing overlay from FXGLLoadingScene and adding to GameScene
16:19:32.080 [JavaFX Application Thread] DEBUG PrimaryStageWindow   - FXGLLoadingScene -> GameScene
16:19:32.291 [FXGL Background Thread 4 ] DEBUG FXGLAssetLoaderServi - Loading from file system: jar:file:/E:/IDEAProject/FXGL/testFXGL/testFXGL-1.0-SNAPSHOT-jar-with-dependencies.jar!/fxglassets/ui/fonts/Abel-Regular.ttf
16:19:32.294 [FXGL Background Thread 4 ] DEBUG FXGLAssetLoaderServi - Loading from file system: jar:file:/E:/IDEAProject/FXGL/testFXGL/testFXGL-1.0-SNAPSHOT-jar-with-dependencies.jar!/fxglassets/ui/fonts/lucida_console.ttf
16:19:32.299 [FXGL Background Thread 4 ] DEBUG FXGLAssetLoaderServi - Loading from file system: jar:file:/E:/IDEAProject/FXGL/testFXGL/testFXGL-1.0-SNAPSHOT-jar-with-dependencies.jar!/fxglassets/ui/fonts/Courier-Prime.ttf
16:19:32.303 [JavaFX Application Thread] DEBUG FXGLApplication      - Registering font factories with UI factory
16:19:34.981 [FXGL Background Thread 3 ] DEBUG Engine               - Logging environment variables
16:19:34.981 [FXGL Background Thread 3 ] DEBUG Engine               - achievements: []
16:19:34.981 [FXGL Background Thread 3 ] DEBUG Engine               - actualHeight: 600.0
16:19:34.981 [FXGL Background Thread 3 ] DEBUG Engine               - actualHeightProperty: ReadOnlyDoubleProperty [value: 600.0]
16:19:34.981 [FXGL Background Thread 3 ] DEBUG Engine               - actualWidth: 800.0
16:19:34.982 [FXGL Background Thread 3 ] DEBUG Engine               - actualWidthProperty: ReadOnlyDoubleProperty [value: 800.0]
16:19:34.982 [FXGL Background Thread 3 ] DEBUG Engine               - appIcon: fxgl_icon.png
16:19:34.982 [FXGL Background Thread 3 ] DEBUG Engine               - applicationMode: DEVELOPER
16:19:34.982 [FXGL Background Thread 3 ] DEBUG Engine               - cSSList: [fxgl_dark.css]
16:19:34.982 [FXGL Background Thread 3 ] DEBUG Engine               - collisionDetectionStrategy: BRUTE_FORCE
16:19:34.982 [FXGL Background Thread 3 ] DEBUG Engine               - configClass: Optional.empty
16:19:34.982 [FXGL Background Thread 3 ] DEBUG Engine               - credits: []
16:19:34.982 [FXGL Background Thread 3 ] DEBUG Engine               - defaultCursor: CursorInfo(imageName=fxgl_default_cursor.png, hotspotX=7.0, hotspotY=6.0)
16:19:34.982 [FXGL Background Thread 3 ] DEBUG Engine               - devBBoxColorProperty: ObjectProperty [value: 0xff0000ff]
16:19:34.982 [FXGL Background Thread 3 ] DEBUG Engine               - devEnableDebugCameraProperty: BooleanProperty [value: false]
16:19:34.982 [FXGL Background Thread 3 ] DEBUG Engine               - devSensorColorProperty: ObjectProperty [value: 0xffff00ff]
16:19:34.982 [FXGL Background Thread 3 ] DEBUG Engine               - devShowBBoxProperty: BooleanProperty [value: false]
16:19:34.982 [FXGL Background Thread 3 ] DEBUG Engine               - devShowPositionProperty: BooleanProperty [value: false]
16:19:34.983 [FXGL Background Thread 3 ] DEBUG Engine               - enabledMenuItems: []
16:19:34.983 [FXGL Background Thread 3 ] DEBUG Engine               - engineServices: [class com.almasb.fxgl.app.services.FXGLAssetLoaderService, class com.almasb.fxgl.app.FXGLApplication$GameApplicationService, class com.almasb.fxgl.app.services.FXGLDialogService, class com.almasb.fxgl.app.services.IOTaskExecutorService, class com.almasb.fxgl.io.FileSystemService, class com.almasb.fxgl.localization.LocalizationService, class com.almasb.fxgl.app.services.SystemBundleService, class com.almasb.fxgl.profile.SaveLoadService, class com.almasb.fxgl.ui.FXGLUIFactoryServiceProvider, class com.almasb.fxgl.ui.FXGLDialogFactoryServiceProvider, class com.almasb.fxgl.audio.AudioPlayer, class com.almasb.fxgl.notification.impl.NotificationServiceProvider, class com.almasb.fxgl.achievement.AchievementService, class com.almasb.fxgl.cutscene.CutsceneService, class com.almasb.fxgl.minigames.MiniGameService, class com.almasb.fxgl.net.NetService, class com.almasb.fxgl.app.services.UpdaterService, class com.almasb.fxgl.dev.DevService]
16:19:34.983 [FXGL Background Thread 3 ] DEBUG Engine               - fontGame: Abel-Regular.ttf
16:19:34.983 [FXGL Background Thread 3 ] DEBUG Engine               - fontMono: lucida_console.ttf
16:19:34.983 [FXGL Background Thread 3 ] DEBUG Engine               - fontText: Courier-Prime.ttf
16:19:34.983 [FXGL Background Thread 3 ] DEBUG Engine               - fontUI: VarelaRound-Regular.ttf
16:19:34.983 [FXGL Background Thread 3 ] DEBUG Engine               - fullScreen: BooleanProperty [value: false]
16:19:34.983 [FXGL Background Thread 3 ] DEBUG Engine               - gameDifficulty: MEDIUM
16:19:34.983 [FXGL Background Thread 3 ] DEBUG Engine               - gameDifficultyProperty: ObjectProperty [value: MEDIUM]
16:19:34.983 [FXGL Background Thread 3 ] DEBUG Engine               - globalMusicVolume: 0.5
16:19:34.983 [FXGL Background Thread 3 ] DEBUG Engine               - globalMusicVolumeProperty: DoubleProperty [value: 0.5]
16:19:34.983 [FXGL Background Thread 3 ] DEBUG Engine               - globalSoundVolume: 0.5
16:19:34.984 [FXGL Background Thread 3 ] DEBUG Engine               - globalSoundVolumeProperty: DoubleProperty [value: 0.5]
16:19:34.984 [FXGL Background Thread 3 ] DEBUG Engine               - height: 600
16:19:34.984 [FXGL Background Thread 3 ] DEBUG Engine               - is3D: false
16:19:34.984 [FXGL Background Thread 3 ] DEBUG Engine               - isAndroid: false
16:19:34.984 [FXGL Background Thread 3 ] DEBUG Engine               - isBrowser: false
16:19:34.984 [FXGL Background Thread 3 ] DEBUG Engine               - isClickFeedbackEnabled: false
16:19:34.984 [FXGL Background Thread 3 ] DEBUG Engine               - isCloseConfirmation: false
16:19:34.984 [FXGL Background Thread 3 ] DEBUG Engine               - isDesktop: true
16:19:34.984 [FXGL Background Thread 3 ] DEBUG Engine               - isDeveloperMenuEnabled: false
16:19:34.984 [FXGL Background Thread 3 ] DEBUG Engine               - isEntityPreloadEnabled: true
16:19:34.984 [FXGL Background Thread 3 ] DEBUG Engine               - isExperimentalTiledLargeMap: false
16:19:34.984 [FXGL Background Thread 3 ] DEBUG Engine               - isFileSystemWriteAllowed: true
16:19:34.985 [FXGL Background Thread 3 ] DEBUG Engine               - isFullScreenAllowed: false
16:19:34.985 [FXGL Background Thread 3 ] DEBUG Engine               - isFullScreenFromStart: false
16:19:34.985 [FXGL Background Thread 3 ] DEBUG Engine               - isGameMenuEnabled: true
16:19:34.985 [FXGL Background Thread 3 ] DEBUG Engine               - isIOS: false
16:19:34.985 [FXGL Background Thread 3 ] DEBUG Engine               - isIntroEnabled: false
16:19:34.985 [FXGL Background Thread 3 ] DEBUG Engine               - isLinux: false
16:19:34.985 [FXGL Background Thread 3 ] DEBUG Engine               - isMac: false
16:19:34.985 [FXGL Background Thread 3 ] DEBUG Engine               - isMainMenuEnabled: false
16:19:34.985 [FXGL Background Thread 3 ] DEBUG Engine               - isManualResizeEnabled: false
16:19:34.985 [FXGL Background Thread 3 ] DEBUG Engine               - isMobile: false
16:19:34.985 [FXGL Background Thread 3 ] DEBUG Engine               - isNative: false
16:19:34.985 [FXGL Background Thread 3 ] DEBUG Engine               - isPreserveResizeRatio: false
16:19:34.985 [FXGL Background Thread 3 ] DEBUG Engine               - isProfilingEnabled: false
16:19:34.985 [FXGL Background Thread 3 ] DEBUG Engine               - isScaleAffectedOnResize: true
16:19:34.985 [FXGL Background Thread 3 ] DEBUG Engine               - isSingleStep: false
16:19:34.985 [FXGL Background Thread 3 ] DEBUG Engine               - isUserProfileEnabled: false
16:19:34.986 [FXGL Background Thread 3 ] DEBUG Engine               - isWindows: true
16:19:34.986 [FXGL Background Thread 3 ] DEBUG Engine               - language: ObjectProperty [value: ENGLISH]
16:19:34.986 [FXGL Background Thread 3 ] DEBUG Engine               - menuKey: ESCAPE
16:19:34.986 [FXGL Background Thread 3 ] DEBUG Engine               - mouseSensitivity: 0.2
16:19:34.986 [FXGL Background Thread 3 ] DEBUG Engine               - notificationViewClass: class com.almasb.fxgl.notification.view.XboxNotificationView
16:19:34.986 [FXGL Background Thread 3 ] DEBUG Engine               - pixelsPerMeter: 50.0
16:19:34.986 [FXGL Background Thread 3 ] DEBUG Engine               - platform: WINDOWS
16:19:34.986 [FXGL Background Thread 3 ] DEBUG Engine               - prefHeightProperty: ReadOnlyDoubleProperty [value: 600.0]
16:19:34.986 [FXGL Background Thread 3 ] DEBUG Engine               - prefWidthProperty: ReadOnlyDoubleProperty [value: 800.0]
16:19:34.986 [FXGL Background Thread 3 ] DEBUG Engine               - profileDir: profiles/
16:19:34.986 [FXGL Background Thread 3 ] DEBUG Engine               - profileName: StringProperty [value: DEFAULT]
16:19:34.986 [FXGL Background Thread 3 ] DEBUG Engine               - randomSeed: -1
16:19:34.986 [FXGL Background Thread 3 ] DEBUG Engine               - runtimeInfo: RuntimeInfo(platform=WINDOWS, version=11.16, build=25.05.2021 08.16)
16:19:34.986 [FXGL Background Thread 3 ] DEBUG Engine               - saveFileExt: sav
16:19:34.987 [FXGL Background Thread 3 ] DEBUG Engine               - scaledHeightProp$fxgl: DoubleProperty [bound, value: 600.0]
16:19:34.987 [FXGL Background Thread 3 ] DEBUG Engine               - scaledWidthProp$fxgl: DoubleProperty [bound, value: 800.0]
16:19:34.987 [FXGL Background Thread 3 ] DEBUG Engine               - sceneFactory: com.almasb.fxgl.app.scene.SceneFactory@26edb58b
16:19:34.987 [FXGL Background Thread 3 ] DEBUG Engine               - secondsIn24h: 60
16:19:34.987 [FXGL Background Thread 3 ] DEBUG Engine               - soundMenuBack: menu/back.wav
16:19:34.987 [FXGL Background Thread 3 ] DEBUG Engine               - soundMenuPress: menu/press.wav
16:19:34.987 [FXGL Background Thread 3 ] DEBUG Engine               - soundMenuSelect: menu/select.wav
16:19:34.987 [FXGL Background Thread 3 ] DEBUG Engine               - soundNotification: core/notification.wav
16:19:34.987 [FXGL Background Thread 3 ] DEBUG Engine               - stageStyle: DECORATED
16:19:34.987 [FXGL Background Thread 3 ] DEBUG Engine               - supportedLanguages: [ENGLISH, FRENCH, GERMAN, HUNGARIAN, RUSSIAN]
16:19:34.987 [FXGL Background Thread 3 ] DEBUG Engine               - ticksPerSecond: -1
16:19:34.987 [FXGL Background Thread 3 ] DEBUG Engine               - title: Basic Game App
16:19:34.987 [FXGL Background Thread 3 ] DEBUG Engine               - urlGithub: https://github.com/AlmasB/FXGL
16:19:34.987 [FXGL Background Thread 3 ] DEBUG Engine               - urlLeaderboard: http://fxgl-top.herokuapp.com/
16:19:34.987 [FXGL Background Thread 3 ] DEBUG Engine               - urlPOM: https://raw.githubusercontent.com/AlmasB/FXGL/release/README.md
16:19:34.987 [FXGL Background Thread 3 ] DEBUG Engine               - userAppClass: class com.aki.BasicGameApp
16:19:34.987 [FXGL Background Thread 3 ] DEBUG Engine               - version: 0.0
16:19:34.987 [FXGL Background Thread 3 ] DEBUG Engine               - versionCheckDays: 7
16:19:34.987 [FXGL Background Thread 3 ] DEBUG Engine               - width: 800
16:19:34.987 [FXGL Background Thread 3 ] DEBUG Engine               - Logging services
16:19:34.988 [FXGL Background Thread 3 ] DEBUG Engine               - class com.almasb.fxgl.app.services.FXGLAssetLoaderService
16:19:34.988 [FXGL Background Thread 3 ] DEBUG Engine               - class com.almasb.fxgl.app.FXGLApplication$GameApplicationService
16:19:34.988 [FXGL Background Thread 3 ] DEBUG Engine               - class com.almasb.fxgl.app.services.FXGLDialogService
16:19:34.988 [FXGL Background Thread 3 ] DEBUG Engine               - class com.almasb.fxgl.app.services.IOTaskExecutorService
16:19:34.988 [FXGL Background Thread 3 ] DEBUG Engine               - class com.almasb.fxgl.io.FileSystemService
16:19:34.988 [FXGL Background Thread 3 ] DEBUG Engine               - class com.almasb.fxgl.localization.LocalizationService
16:19:34.988 [FXGL Background Thread 3 ] DEBUG Engine               - class com.almasb.fxgl.app.services.SystemBundleService
16:19:34.988 [FXGL Background Thread 3 ] DEBUG Engine               - class com.almasb.fxgl.profile.SaveLoadService
16:19:34.988 [FXGL Background Thread 3 ] DEBUG Engine               - class com.almasb.fxgl.ui.FXGLUIFactoryServiceProvider
16:19:34.988 [FXGL Background Thread 3 ] DEBUG Engine               - class com.almasb.fxgl.ui.FXGLDialogFactoryServiceProvider
16:19:34.988 [FXGL Background Thread 3 ] DEBUG Engine               - class com.almasb.fxgl.audio.AudioPlayer
16:19:34.988 [FXGL Background Thread 3 ] DEBUG Engine               - class com.almasb.fxgl.notification.impl.NotificationServiceProvider
16:19:34.988 [FXGL Background Thread 3 ] DEBUG Engine               - class com.almasb.fxgl.achievement.AchievementService
16:19:34.988 [FXGL Background Thread 3 ] DEBUG Engine               - class com.almasb.fxgl.cutscene.CutsceneService
16:19:34.988 [FXGL Background Thread 3 ] DEBUG Engine               - class com.almasb.fxgl.minigames.MiniGameService
16:19:34.988 [FXGL Background Thread 3 ] DEBUG Engine               - class com.almasb.fxgl.net.NetService
16:19:34.988 [FXGL Background Thread 3 ] DEBUG Engine               - class com.almasb.fxgl.app.services.UpdaterService
16:19:34.988 [FXGL Background Thread 3 ] DEBUG Engine               - class com.almasb.fxgl.dev.DevService
16:19:35.892 [JavaFX Application Thread] DEBUG FXGLApplication      - Exiting FXGL
16:19:35.892 [JavaFX Application Thread] DEBUG LoopRunner           - Stopping loop
16:19:35.892 [JavaFX Application Thread] DEBUG SystemBundleService  - Saving FXGL system data
16:19:35.894 [JavaFX Application Thread] DEBUG FileSystemAccess     - Writing to: E:\IDEAProject\FXGL\testFXGL\system\fxgl.bundle
16:19:35.895 [JavaFX Application Thread] DEBUG Async                - Shutting down background threads
16:19:35.895 [JavaFX Application Thread] DEBUG PrimaryStageWindow   - Closing main window
16:19:35.905 [JavaFX Application Thread] DEBUG Logger               - Closing Logger
